<?xml version="1.0" encoding="UTF-8"?>
<!-- Generated by org.testng.reporters.JUnitReportReporter -->
<testsuite hostname="DESKTOP-PAQK8PM" failures="0" tests="4" name="gproject.prac.OneTest" time="12.049" errors="0" timestamp="2022-09-06T18:16:13 IST" skipped="0">
  <testcase classname="gproject.prac.OneTest" name="searchtexttest" time="1.960"/>
  <system-out/>
  <testcase classname="gproject.prac.OneTest" name="gmaillinktest" time="4.308"/>
  <system-out/>
  <testcase classname="gproject.prac.OneTest" name="imglinktest" time="4.299"/>
  <system-out/>
  <testcase classname="gproject.prac.OneTest" name="signinlinktest" time="1.482"/>
  <system-out/>
</testsuite> <!-- gproject.prac.OneTest -->
